<?xml version="1.0" encoding="UTF-8"?>
<testng-results ignored="0" total="1" passed="1" failed="0" skipped="0">
  <reporter-output>
  </reporter-output>
  <suite started-at="2023-11-13T15:26:52 CET" name="XM Selenium Assignment" finished-at="2023-11-13T15:29:37 CET" duration-ms="165211">
    <groups>
    </groups>
    <test started-at="2023-11-13T15:26:52 CET" name="Execute Scenario with maximum size of browser" finished-at="2023-11-13T15:29:37 CET" duration-ms="165211">
      <class name="test.scenarios.VerificationTest">
        <test-method is-config="true" signature="setUp()[pri:0, instance:test.scenarios.VerificationTest@7c24b813]" started-at="2023-11-13T15:26:14 CET" name="setUp" finished-at="2023-11-13T15:26:52 CET" duration-ms="37990" status="PASS">
          <reporter-output>
          </reporter-output>
        </test-method> <!-- setUp -->
        <test-method signature="performAction(java.lang.String,java.lang.String,java.lang.String,org.testng.ITestContext)[pri:0, instance:test.scenarios.VerificationTest@7c24b813]" started-at="2023-11-13T15:26:52 CET" name="performAction" finished-at="2023-11-13T15:29:37 CET" duration-ms="165145" status="PASS">
          <params>
            <param index="0">
              <value>
                <![CDATA[maximum]]>
              </value>
            </param>
            <param index="1">
              <value>
                <![CDATA[Lesson 1.1]]>
              </value>
            </param>
            <param index="2">
              <value>
                <![CDATA[Introduction to the Financial Markets]]>
              </value>
            </param>
            <param index="3">
              <value>
                <![CDATA[org.testng.TestRunner@6b5f8707]]>
              </value>
            </param>
          </params>
          <reporter-output>
          </reporter-output>
        </test-method> <!-- performAction -->
        <test-method is-config="true" signature="tearDown()[pri:0, instance:test.scenarios.VerificationTest@7c24b813]" started-at="2023-11-13T15:29:38 CET" name="tearDown" finished-at="2023-11-13T15:29:38 CET" duration-ms="211" status="PASS">
          <reporter-output>
          </reporter-output>
        </test-method> <!-- tearDown -->
      </class> <!-- test.scenarios.VerificationTest -->
    </test> <!-- Execute Scenario with maximum size of browser -->
  </suite> <!-- XM Selenium Assignment -->
</testng-results>
